<?xml version="1.0" encoding="UTF-8"?>
<testsuite xmlns:xsi="http://www.w3.org/2001/XMLSchema-instance" xsi:noNamespaceSchemaLocation="https://maven.apache.org/surefire/maven-surefire-plugin/xsd/surefire-test-report-3.0.xsd" version="3.0" name="data.UserDataStorageTest" time="0.04" tests="3" errors="0" skipped="0" failures="0">
  <properties>
    <property name="java.specification.version" value="21"/>
    <property name="sun.cpu.isalist" value="amd64"/>
    <property name="sun.jnu.encoding" value="GBK"/>
    <property name="java.class.path" value="E:\0000Code\SEP_52_zzc\target\test-classes;E:\0000Code\SEP_52_zzc\target\classes;C:\Users\左泽成\.m2\repository\com\google\code\gson\gson\2.10.1\gson-2.10.1.jar;C:\Users\左泽成\.m2\repository\org\jfree\jfreechart\1.0.19\jfreechart-1.0.19.jar;C:\Users\左泽成\.m2\repository\org\jfree\jcommon\1.0.23\jcommon-1.0.23.jar;C:\Users\左泽成\.m2\repository\junit\junit\4.13.2\junit-4.13.2.jar;C:\Users\左泽成\.m2\repository\org\hamcrest\hamcrest-core\1.3\hamcrest-core-1.3.jar;"/>
    <property name="java.vm.vendor" value="Oracle Corporation"/>
    <property name="sun.arch.data.model" value="64"/>
    <property name="user.variant" value=""/>
    <property name="java.vendor.url" value="https://java.oracle.com/"/>
    <property name="user.timezone" value="Asia/Shanghai"/>
    <property name="os.name" value="Windows 11"/>
    <property name="java.vm.specification.version" value="21"/>
    <property name="sun.java.launcher" value="SUN_STANDARD"/>
    <property name="user.country" value="CN"/>
    <property name="sun.boot.library.path" value="C:\Program Files\Java\jdk-21\bin"/>
    <property name="sun.java.command" value="C:\Windows\Temp\surefire7808118661021969197\surefirebooter-20250523225359262_3.jar C:\Windows\Temp\surefire7808118661021969197 2025-05-23T22-53-57_457-jvmRun1 surefire-20250523225359262_1tmp surefire_0-20250523225359262_2tmp"/>
    <property name="jdk.debug" value="release"/>
    <property name="surefire.test.class.path" value="E:\0000Code\SEP_52_zzc\target\test-classes;E:\0000Code\SEP_52_zzc\target\classes;C:\Users\左泽成\.m2\repository\com\google\code\gson\gson\2.10.1\gson-2.10.1.jar;C:\Users\左泽成\.m2\repository\org\jfree\jfreechart\1.0.19\jfreechart-1.0.19.jar;C:\Users\左泽成\.m2\repository\org\jfree\jcommon\1.0.23\jcommon-1.0.23.jar;C:\Users\左泽成\.m2\repository\junit\junit\4.13.2\junit-4.13.2.jar;C:\Users\左泽成\.m2\repository\org\hamcrest\hamcrest-core\1.3\hamcrest-core-1.3.jar;"/>
    <property name="sun.cpu.endian" value="little"/>
    <property name="user.home" value="C:\Users\左泽成"/>
    <property name="user.language" value="zh"/>
    <property name="java.specification.vendor" value="Oracle Corporation"/>
    <property name="java.version.date" value="2023-10-17"/>
    <property name="java.home" value="C:\Program Files\Java\jdk-21"/>
    <property name="file.separator" value="\"/>
    <property name="basedir" value="E:\0000Code\SEP_52_zzc"/>
    <property name="java.vm.compressedOopsMode" value="Zero based"/>
    <property name="line.separator" value="&#10;"/>
    <property name="java.vm.specification.vendor" value="Oracle Corporation"/>
    <property name="java.specification.name" value="Java Platform API Specification"/>
    <property name="surefire.real.class.path" value="C:\Windows\Temp\surefire7808118661021969197\surefirebooter-20250523225359262_3.jar"/>
    <property name="user.script" value=""/>
    <property name="sun.management.compiler" value="HotSpot 64-Bit Tiered Compilers"/>
    <property name="java.runtime.version" value="21.0.1+12-LTS-29"/>
    <property name="user.name" value="Jeffzzc"/>
    <property name="stdout.encoding" value="GBK"/>
    <property name="path.separator" value=";"/>
    <property name="os.version" value="10.0"/>
    <property name="java.runtime.name" value="Java(TM) SE Runtime Environment"/>
    <property name="file.encoding" value="UTF-8"/>
    <property name="java.vm.name" value="Java HotSpot(TM) 64-Bit Server VM"/>
    <property name="localRepository" value="C:\Users\左泽成\.m2\repository"/>
    <property name="java.vendor.url.bug" value="https://bugreport.java.com/bugreport/"/>
    <property name="java.io.tmpdir" value="C:\Windows\TEMP\"/>
    <property name="java.version" value="21.0.1"/>
    <property name="user.dir" value="E:\0000Code\SEP_52_zzc"/>
    <property name="os.arch" value="amd64"/>
    <property name="java.vm.specification.name" value="Java Virtual Machine Specification"/>
    <property name="sun.os.patch.level" value=""/>
    <property name="native.encoding" value="GBK"/>
    <property name="java.library.path" value="C:\Program Files\Java\jdk-21\bin;C:\Windows\Sun\Java\bin;C:\Windows\system32;C:\Windows;D:\Anaconda\envs\pytorch;D:\Anaconda\envs\pytorch\Library\mingw-w64\bin;D:\Anaconda\envs\pytorch\Library\usr\bin;D:\Anaconda\envs\pytorch\Library\bin;D:\Anaconda\envs\pytorch\Scripts;D:\Anaconda\envs\pytorch\bin;D:\Anaconda\condabin;E:\VMware\VMware Player\bin;c:\Users\左泽成\AppData\Local\Programs\cursor\resources\app\bin;C:\Program Files\NVIDIA\CUDNN\v9.5\bin;D:\bin;D:\libnvvp;C:\Program Files\Common Files\Oracle\Java\javapath;C:\Windows\system32;C:\Windows;C:\Windows\System32\Wbem;C:\Windows\System32\WindowsPowerShell\v1.0;C:\Windows\System32\OpenSSH;C:\Program Files (x86)\NVIDIA Corporation\PhysX\Common;D:\Matlab\bin;D:\texlive\2023\bin\windows;C:\Program Files\NVIDIA Corporation\Nsight Compute 2024.1.1;C:\Program Files\NVIDIA Corporation\NVIDIA NvDLISR;C:\Program Files\Java\jdk-21\bin;C:\Program Files\Java\jdk-21\jre\bin;D:\Anaconda;D:\Anaconda\Scripts;D:\Anaconda\Library\bin;C:\Users\左泽成\AppData\Roaming\Python\Python311\Scripts;D:;Ruby33-x64\bin;D:\Ruby33-x64\bin\bundler;C:\Program Files\Git\cmd;C:\Program Files\nodejs;C:\Program Files\dotnet;C:\ffmpeg\bin;E:\Environment\apache-maven-3.9.9\bin;C:\Program Files\MySQL\MySQL Shell 8.0\bin;D:\Python\Scripts;D:\Python;C:\Users\左泽成\AppData\Local\Microsoft\WindowsApps;C:\Program Files\Java\jdk-21\bin;D:\Py;E:\Software\Ruby33-x64\bin;C:\Program Files\MySQL\MySQL Shell 8.0\bin;D:\Python\Scripts;D:\Python;C:\Users\左泽成\AppData\Local\Microsoft\WindowsApps;D:\Microsoft VS Code\bin;C:\Program Files\Java\jdk-21\bin;D:\PyCharm Community Edition 2023.3.3\bin;.;D:\PyCharm 2024.1\bin;.;C:\Users\左泽成\AppData\Local\GitHubDesktop\bin;C:\Users\左泽成\AppData\Roaming\npm;E:\Software\IntelliJIDEA2024.1.7\bin;.;C:\Users\左泽成\AppData\Local\Muse Hub\lib;."/>
    <property name="java.vm.info" value="mixed mode, sharing"/>
    <property name="stderr.encoding" value="GBK"/>
    <property name="java.vendor" value="Oracle Corporation"/>
    <property name="java.vm.version" value="21.0.1+12-LTS-29"/>
    <property name="sun.io.unicode.encoding" value="UnicodeLittle"/>
    <property name="java.class.version" value="65.0"/>
  </properties>
  <testcase name="testLoginFailWrongUsername" classname="data.UserDataStorageTest" time="0.037"/>
  <testcase name="testLoginFailWrongPassword" classname="data.UserDataStorageTest" time="0.001"/>
  <testcase name="testRegisterAndLoginSuccess" classname="data.UserDataStorageTest" time="0.001"/>
</testsuite>