<?xml version="1.0" encoding="UTF-8"?>
<testsuite xmlns:xsi="http://www.w3.org/2001/XMLSchema-instance" xsi:noNamespaceSchemaLocation="https://maven.apache.org/surefire/maven-surefire-plugin/xsd/surefire-test-report-3.0.xsd" version="3.0" name="services.BaiduAIServiceTest" time="11.657" tests="1" errors="0" skipped="0" failures="0">
  <properties>
    <property name="java.specification.version" value="21"/>
    <property name="sun.cpu.isalist" value="amd64"/>
    <property name="sun.jnu.encoding" value="GBK"/>
    <property name="java.class.path" value="E:\0000Code\SEP_52\target\test-classes;E:\0000Code\SEP_52\target\classes;C:\Users\左泽成\.m2\repository\com\google\code\gson\gson\2.10.1\gson-2.10.1.jar;C:\Users\左泽成\.m2\repository\org\jfree\jfreechart\1.0.19\jfreechart-1.0.19.jar;C:\Users\左泽成\.m2\repository\org\jfree\jcommon\1.0.23\jcommon-1.0.23.jar;C:\Users\左泽成\.m2\repository\junit\junit\4.13.2\junit-4.13.2.jar;C:\Users\左泽成\.m2\repository\org\hamcrest\hamcrest-core\1.3\hamcrest-core-1.3.jar;"/>
    <property name="java.vm.vendor" value="Oracle Corporation"/>
    <property name="sun.arch.data.model" value="64"/>
    <property name="user.variant" value=""/>
    <property name="java.vendor.url" value="https://java.oracle.com/"/>
    <property name="user.timezone" value="Asia/Shanghai"/>
    <property name="os.name" value="Windows 11"/>
    <property name="java.vm.specification.version" value="21"/>
    <property name="sun.java.launcher" value="SUN_STANDARD"/>
    <property name="user.country" value="CN"/>
    <property name="sun.boot.library.path" value="C:\Program Files\Java\jdk-21\bin"/>
    <property name="sun.java.command" value="C:\Windows\Temp\surefire9580500395100199678\surefirebooter-20250524001609959_3.jar C:\Windows\Temp\surefire9580500395100199678 2025-05-24T00-16-09_884-jvmRun1 surefire-20250524001609959_1tmp surefire_0-20250524001609959_2tmp"/>
    <property name="jdk.debug" value="release"/>
    <property name="surefire.test.class.path" value="E:\0000Code\SEP_52\target\test-classes;E:\0000Code\SEP_52\target\classes;C:\Users\左泽成\.m2\repository\com\google\code\gson\gson\2.10.1\gson-2.10.1.jar;C:\Users\左泽成\.m2\repository\org\jfree\jfreechart\1.0.19\jfreechart-1.0.19.jar;C:\Users\左泽成\.m2\repository\org\jfree\jcommon\1.0.23\jcommon-1.0.23.jar;C:\Users\左泽成\.m2\repository\junit\junit\4.13.2\junit-4.13.2.jar;C:\Users\左泽成\.m2\repository\org\hamcrest\hamcrest-core\1.3\hamcrest-core-1.3.jar;"/>
    <property name="sun.cpu.endian" value="little"/>
    <property name="user.home" value="C:\Users\左泽成"/>
    <property name="user.language" value="zh"/>
    <property name="java.specification.vendor" value="Oracle Corporation"/>
    <property name="java.version.date" value="2023-10-17"/>
    <property name="java.home" value="C:\Program Files\Java\jdk-21"/>
    <property name="file.separator" value="\"/>
    <property name="basedir" value="E:\0000Code\SEP_52"/>
    <property name="java.vm.compressedOopsMode" value="Zero based"/>
    <property name="line.separator" value="&#10;"/>
    <property name="java.vm.specification.vendor" value="Oracle Corporation"/>
    <property name="java.specification.name" value="Java Platform API Specification"/>
    <property name="surefire.real.class.path" value="C:\Windows\Temp\surefire9580500395100199678\surefirebooter-20250524001609959_3.jar"/>
    <property name="user.script" value=""/>
    <property name="sun.management.compiler" value="HotSpot 64-Bit Tiered Compilers"/>
    <property name="java.runtime.version" value="21.0.1+12-LTS-29"/>
    <property name="user.name" value="Jeffzzc"/>
    <property name="stdout.encoding" value="GBK"/>
    <property name="path.separator" value=";"/>
    <property name="os.version" value="10.0"/>
    <property name="java.runtime.name" value="Java(TM) SE Runtime Environment"/>
    <property name="file.encoding" value="UTF-8"/>
    <property name="java.vm.name" value="Java HotSpot(TM) 64-Bit Server VM"/>
    <property name="localRepository" value="C:\Users\左泽成\.m2\repository"/>
    <property name="java.vendor.url.bug" value="https://bugreport.java.com/bugreport/"/>
    <property name="java.io.tmpdir" value="C:\Windows\TEMP\"/>
    <property name="java.version" value="21.0.1"/>
    <property name="user.dir" value="E:\0000Code\SEP_52"/>
    <property name="os.arch" value="amd64"/>
    <property name="java.vm.specification.name" value="Java Virtual Machine Specification"/>
    <property name="sun.os.patch.level" value=""/>
    <property name="native.encoding" value="GBK"/>
    <property name="java.library.path" value="C:\Program Files\Java\jdk-21\bin;C:\Windows\Sun\Java\bin;C:\Windows\system32;C:\Windows;D:\Anaconda\envs\pytorch;D:\Anaconda\envs\pytorch\Library\mingw-w64\bin;D:\Anaconda\envs\pytorch\Library\usr\bin;D:\Anaconda\envs\pytorch\Library\bin;D:\Anaconda\envs\pytorch\Scripts;D:\Anaconda\envs\pytorch\bin;D:\Anaconda\condabin;E:\VMware\VMware Player\bin;c:\Users\左泽成\AppData\Local\Programs\cursor\resources\app\bin;C:\Program Files\NVIDIA\CUDNN\v9.5\bin;D:\bin;D:\libnvvp;C:\Program Files\Common Files\Oracle\Java\javapath;C:\Windows\system32;C:\Windows;C:\Windows\System32\Wbem;C:\Windows\System32\WindowsPowerShell\v1.0;C:\Windows\System32\OpenSSH;C:\Program Files (x86)\NVIDIA Corporation\PhysX\Common;D:\Matlab\bin;D:\texlive\2023\bin\windows;C:\Program Files\NVIDIA Corporation\Nsight Compute 2024.1.1;C:\Program Files\NVIDIA Corporation\NVIDIA NvDLISR;C:\Program Files\Java\jdk-21\bin;C:\Program Files\Java\jdk-21\jre\bin;D:\Anaconda;D:\Anaconda\Scripts;D:\Anaconda\Library\bin;C:\Users\左泽成\AppData\Roaming\Python\Python311\Scripts;D:;Ruby33-x64\bin;D:\Ruby33-x64\bin\bundler;C:\Program Files\Git\cmd;C:\Program Files\nodejs;C:\Program Files\dotnet;C:\ffmpeg\bin;E:\Environment\apache-maven-3.9.9\bin;C:\Program Files\MySQL\MySQL Shell 8.0\bin;D:\Python\Scripts;D:\Python;C:\Users\左泽成\AppData\Local\Microsoft\WindowsApps;C:\Program Files\Java\jdk-21\bin;D:\Py;E:\Software\Ruby33-x64\bin;C:\Program Files\MySQL\MySQL Shell 8.0\bin;D:\Python\Scripts;D:\Python;C:\Users\左泽成\AppData\Local\Microsoft\WindowsApps;D:\Microsoft VS Code\bin;C:\Program Files\Java\jdk-21\bin;D:\PyCharm Community Edition 2023.3.3\bin;.;D:\PyCharm 2024.1\bin;.;C:\Users\左泽成\AppData\Local\GitHubDesktop\bin;C:\Users\左泽成\AppData\Roaming\npm;E:\Software\IntelliJIDEA2024.1.7\bin;.;C:\Users\左泽成\AppData\Local\Muse Hub\lib;c:\Users\左泽成\.vscode\extensions\ms-python.debugpy-2025.6.0-win32-x64\bundled\scripts\noConfigScripts;c:\Users\左泽成\AppData\Roaming\Code\User\globalStorage\github.copilot-chat\debugCommand;."/>
    <property name="java.vm.info" value="mixed mode, sharing"/>
    <property name="stderr.encoding" value="GBK"/>
    <property name="java.vendor" value="Oracle Corporation"/>
    <property name="java.vm.version" value="21.0.1+12-LTS-29"/>
    <property name="sun.io.unicode.encoding" value="UnicodeLittle"/>
    <property name="java.class.version" value="65.0"/>
  </properties>
  <testcase name="testGetAIResponse" classname="services.BaiduAIServiceTest" time="11.657">
    <system-out><![CDATA[API返回结果：{"id":"as-euucmfpntp","object":"chat.completion","created":1748016971,"result":"制定一个节省支出的计划对于管理个人财务和实现财务目标至关重要。以下是一个简单的节省支出的计划，你可以根据自己的具体情况进行调整。\n\n一、明确目标和优先事项\n\n1. 确定你的财务目标。这可能是偿还债务、储蓄或投资等。\n2. 确定你的优先级。列出你每月必须支付的费用，如房租、水电费、贷款等，然后确定其他可调整的支出。\n\n二、审查支出\n\n1. 列出你的日常支出。包括食品、交通、娱乐、购物等。\n2. 分析你的支出，找出可以削减的部分。例如，你可以考虑购买更经济实惠的食品，减少不必要的购物支出等。\n\n三、制定节省支出的策略\n\n1. 制定预算。根据你的收入和支出，制定一个合理的预算。确保你的支出不超过你的收入。\n2. 自动化节省。设置自动储蓄计划，将一部分收入直接转入储蓄账户，减少手动操作的麻烦。\n3. 购物前做好计划。在购物前列出你需要购买的物品，并比较不同商家的价格，选择性价比最高的产品。\n4. 减少浪费。检查你的日常习惯，找出可以减少浪费的地方，如减少食物浪费、合理使用水电等。\n5. 寻找优惠和折扣。利用各种优惠券、促销活动等来降低购物成本。\n6. 精简生活。考虑你是否真的需要你拥有的所有物品，精简生活可以让你更专注于真正重要的事物，并减少不必要的支出。\n7. 投资自己。学习新技能或提升现有技能，以提高收入或寻找更高薪的工作机会。\n8. 节约能源和水资源。检查家里的电器和用水设备，看是否有节能节水型的产品可以替代，减少能源和水资源的浪费。\n9. 健康饮食和合理饮食。减少外食和点外卖的频率，学会自己做饭可以节省很多费用。同时注意均衡饮食，保证营养摄入的合理性。\n10. 优化通讯和娱乐支出。考虑使用更便宜的通讯套餐和娱乐方式，如使用公共交通代替私家车出行，选择免费或低成本的娱乐活动等。\n\n四、跟踪和调整计划\n\n1. 定期跟踪你的支出和预算执行情况。这可以帮助你了解哪些地方做得好，哪些地方需要改进。\n2. 根据实际情况调整计划。如果你的收入发生变化或出现新的支出项目，你需要相应地调整你的计划。\n3. 设定定期回顾的时间点（如每季度或每年），以评估计划的执行情况和效果，并根据需要进行调整。\n\n通过遵循以上节省支出的计划，你可以更好地管理你的财务，实现你的财务目标，并为未来的生活和投资做好准备。记住，坚持是关键，逐步改变你的习惯并逐步实现节省支出的目标。","is_truncated":false,"need_clear_history":false,"finish_reason":"normal","usage":{"prompt_tokens":8,"completion_tokens":580,"total_tokens":588}}
]]></system-out>
  </testcase>
</testsuite>